
PLAY [Interfaces] **************************************************************

TASK [Interfaces] **************************************************************
ok: [R2]
ok: [R1]
ok: [SW2]
ok: [SW1]

TASK [save] ********************************************************************
ok: [SW1]
ok: [R2]
ok: [R1]
ok: [SW2]

TASK [debug] *******************************************************************
ok: [R1] => {
    "print_output.stdout_lines": [
        [
            "Building configuration...",
            "",
            "Current configuration : 5581 bytes",
            "!",
            "! Last configuration change at 21:13:00 UTC Sat Oct 26 2024",
            "!",
            "version 15.4",
            "service timestamps debug datetime msec",
            "service timestamps log datetime msec",
            "service password-encryption",
            "!",
            "hostname R1",
            "!",
            "boot-start-marker",
            "boot-end-marker",
            "!",
            "!",
            "enable secret 5 $1$Zeq2$EAYw7OXWJZNPIxNKL0Hwt0",
            "!",
            "no aaa new-model",
            "!",
            "!",
            "!",
            "mmi polling-interval 60",
            "no mmi auto-configure",
            "no mmi pvc",
            "mmi snmp-timeout 180",
            "!",
            "!",
            "!",
            "!",
            "!",
            "!",
            "!",
            "!",
            "!",
            "!",
            "!",
            "!",
            "!",
            "no ip domain lookup",
            "ip domain name cisco.com",
            "ip cef",
            "no ipv6 cef",
            "!",
            "multilink bundle-name authenticated",
            "!",
            "!",
            "cts logging verbose",
            "!",
            "!",
            "file prompt quiet",
            "username aaron privilege 15 secret 5 $1$BgD6$/L2MwPnhmxMGdLYIoaV0J.",
            "!",
            "redundancy",
            "!",
            "!",
            "ip scp server enable",
            "! ",
            "!",
            "!",
            "!",
            "!",
            "!",
            "!",
            "!",
            "!",
            "!",
            "!",
            "!",
            "!",
            "interface Loopback10",
            " description LOOPBACK10!!!",
            " ip address 10.10.10.10 255.255.255.255",
            "!",
            "interface Loopback20",
            " description LOOPBACK20!!!",
            " ip address 20.20.20.20 255.255.255.255",
            "!",
            "interface Loopback30",
            " ip address 30.30.30.30 255.255.255.255",
            "!",
            "interface Loopback40",
            " no ip address",
            "!",
            "interface Loopback60",
            " no ip address",
            "!",
            "interface GigabitEthernet0/0",
            " ip address 192.168.254.101 255.255.255.0",
            " duplex auto",
            " speed auto",
            " media-type rj45",
            "!",
            "interface GigabitEthernet0/1",
            " no ip address",
            " shutdown",
            " duplex auto",
            " speed auto",
            " media-type rj45",
            "!",
            "interface GigabitEthernet0/2",
            " no ip address",
            " shutdown",
            " duplex auto",
            " speed auto",
            " media-type rj45",
            "!",
            "interface GigabitEthernet0/3",
            " no ip address",
            " shutdown",
            " duplex auto",
            " speed auto",
            " media-type rj45",
            "!",
            "ip forward-protocol nd",
            "!",
            "!",
            "no ip http server",
            "no ip http secure-server",
            "!",
            "!",
            "!",
            "!",
            "control-plane",
            "!",
            "banner exec ^C",
            "**************************************************************************",
            "* IOSv - Cisco Systems Confidential                                      *",
            "*                                                                        *",
            "* This software is provided as is without warranty for internal          *",
            "* development and testing purposes only under the terms of the Cisco     *",
            "* Early Field Trial agreement.  Under no circumstances may this software *",
            "* be used for production purposes or deployed in a production            *",
            "* environment.                                                           *",
            "*                                                                        *",
            "* By using the software, you agree to abide by the terms and conditions  *",
            "* of the Cisco Early Field Trial Agreement as well as the terms and      *",
            "* conditions of the Cisco End User License Agreement at                  *",
            "* http://www.cisco.com/go/eula                                           *",
            "*                                                                        *",
            "* Unauthorized use or distribution of this software is expressly         *",
            "* Prohibited.                                                            *",
            "**************************************************************************^C",
            "banner incoming ^C",
            "**************************************************************************",
            "* IOSv - Cisco Systems Confidential                                      *",
            "*                                                                        *",
            "* This software is provided as is without warranty for internal          *",
            "* development and testing purposes only under the terms of the Cisco     *",
            "* Early Field Trial agreement.  Under no circumstances may this software *",
            "* be used for production purposes or deployed in a production            *",
            "* environment.                                                           *",
            "*                                                                        *",
            "* By using the software, you agree to abide by the terms and conditions  *",
            "* of the Cisco Early Field Trial Agreement as well as the terms and      *",
            "* conditions of the Cisco End User License Agreement at                  *",
            "* http://www.cisco.com/go/eula                                           *",
            "*                                                                        *",
            "* Unauthorized use or distribution of this software is expressly         *",
            "* Prohibited.                                                            *",
            "**************************************************************************^C",
            "banner login ^C",
            "**************************************************************************",
            "* IOSv - Cisco Systems Confidential                                      *",
            "*                                                                        *",
            "* This software is provided as is without warranty for internal          *",
            "* development and testing purposes only under the terms of the Cisco     *",
            "* Early Field Trial agreement.  Under no circumstances may this software *",
            "* be used for production purposes or deployed in a production            *",
            "* environment.                                                           *",
            "*                                                                        *",
            "* By using the software, you agree to abide by the terms and conditions  *",
            "* of the Cisco Early Field Trial Agreement as well as the terms and      *",
            "* conditions of the Cisco End User License Agreement at                  *",
            "* http://www.cisco.com/go/eula                                           *",
            "*                                                                        *",
            "* Unauthorized use or distribution of this software is expressly         *",
            "* Prohibited.                                                            *",
            "**************************************************************************^C",
            "!",
            "line con 0",
            "line aux 0",
            "line vty 0 4",
            " logging synchronous",
            " login local",
            " transport input all",
            "line vty 5 15",
            " logging synchronous",
            " login local",
            " transport input all",
            "!",
            "no scheduler allocate",
            "!",
            "end"
        ]
    ]
}
ok: [R2] => {
    "print_output.stdout_lines": [
        [
            "Building configuration...",
            "",
            "Current configuration : 5449 bytes",
            "!",
            "! Last configuration change at 21:12:35 UTC Sat Oct 26 2024",
            "!",
            "version 15.4",
            "service timestamps debug datetime msec",
            "service timestamps log datetime msec",
            "service password-encryption",
            "!",
            "hostname R2",
            "!",
            "boot-start-marker",
            "boot-end-marker",
            "!",
            "!",
            "enable secret 5 $1$VFgx$Gai5u4uZkEg0c9oUI8H7K/",
            "!",
            "no aaa new-model",
            "!",
            "!",
            "!",
            "mmi polling-interval 60",
            "no mmi auto-configure",
            "no mmi pvc",
            "mmi snmp-timeout 180",
            "!",
            "!",
            "!",
            "!",
            "!",
            "!",
            "!",
            "!",
            "!",
            "!",
            "!",
            "!",
            "!",
            "no ip domain lookup",
            "ip domain name cisco.com",
            "ip cef",
            "no ipv6 cef",
            "!",
            "multilink bundle-name authenticated",
            "!",
            "!",
            "cts logging verbose",
            "!",
            "!",
            "file prompt quiet",
            "username aaron privilege 15 secret 5 $1$.4Hn$KIcC6UnS2o9A.bhf.Ses61",
            "!",
            "redundancy",
            "!",
            "!",
            "ip scp server enable",
            "! ",
            "!",
            "!",
            "!",
            "!",
            "!",
            "!",
            "!",
            "!",
            "!",
            "!",
            "!",
            "!",
            "interface Loopback10",
            " description LOOPBACK10!!!",
            " ip address 10.10.10.10 255.255.255.255",
            "!",
            "interface Loopback20",
            " description LOOPBACK20!!!",
            " ip address 20.20.20.20 255.255.255.255",
            "!",
            "interface Loopback30",
            " no ip address",
            "!",
            "interface Loopback60",
            " no ip address",
            "!",
            "interface GigabitEthernet0/0",
            " ip address 192.168.254.102 255.255.255.0",
            " duplex auto",
            " speed auto",
            " media-type rj45",
            "!",
            "interface GigabitEthernet0/1",
            " no ip address",
            " shutdown",
            " duplex auto",
            " speed auto",
            " media-type rj45",
            "!",
            "interface GigabitEthernet0/2",
            " no ip address",
            " shutdown",
            " duplex auto",
            " speed auto",
            " media-type rj45",
            "!",
            "interface GigabitEthernet0/3",
            " no ip address",
            " shutdown",
            " duplex auto",
            " speed auto",
            " media-type rj45",
            "!",
            "ip forward-protocol nd",
            "!",
            "!",
            "no ip http server",
            "no ip http secure-server",
            "!",
            "!",
            "!",
            "!",
            "control-plane",
            "!",
            "banner exec ^C",
            "**************************************************************************",
            "* IOSv - Cisco Systems Confidential                                      *",
            "*                                                                        *",
            "* This software is provided as is without warranty for internal          *",
            "* development and testing purposes only under the terms of the Cisco     *",
            "* Early Field Trial agreement.  Under no circumstances may this software *",
            "* be used for production purposes or deployed in a production            *",
            "* environment.                                                           *",
            "*                                                                        *",
            "* By using the software, you agree to abide by the terms and conditions  *",
            "* of the Cisco Early Field Trial Agreement as well as the terms and      *",
            "* conditions of the Cisco End User License Agreement at                  *",
            "* http://www.cisco.com/go/eula                                           *",
            "*                                                                        *",
            "* Unauthorized use or distribution of this software is expressly         *",
            "* Prohibited.                                                            *",
            "**************************************************************************^C",
            "banner incoming ^C",
            "**************************************************************************",
            "* IOSv - Cisco Systems Confidential                                      *",
            "*                                                                        *",
            "* This software is provided as is without warranty for internal          *",
            "* development and testing purposes only under the terms of the Cisco     *",
            "* Early Field Trial agreement.  Under no circumstances may this software *",
            "* be used for production purposes or deployed in a production            *",
            "* environment.                                                           *",
            "*                                                                        *",
            "* By using the software, you agree to abide by the terms and conditions  *",
            "* of the Cisco Early Field Trial Agreement as well as the terms and      *",
            "* conditions of the Cisco End User License Agreement at                  *",
            "* http://www.cisco.com/go/eula                                           *",
            "*                                                                        *",
            "* Unauthorized use or distribution of this software is expressly         *",
            "* Prohibited.                                                            *",
            "**************************************************************************^C",
            "banner login ^C",
            "**************************************************************************",
            "* IOSv - Cisco Systems Confidential                                      *",
            "*                                                                        *",
            "* This software is provided as is without warranty for internal          *",
            "* development and testing purposes only under the terms of the Cisco     *",
            "* Early Field Trial agreement.  Under no circumstances may this software *",
            "* be used for production purposes or deployed in a production            *",
            "* environment.                                                           *",
            "*                                                                        *",
            "* By using the software, you agree to abide by the terms and conditions  *",
            "* of the Cisco Early Field Trial Agreement as well as the terms and      *",
            "* conditions of the Cisco End User License Agreement at                  *",
            "* http://www.cisco.com/go/eula                                           *",
            "*                                                                        *",
            "* Unauthorized use or distribution of this software is expressly         *",
            "* Prohibited.                                                            *",
            "**************************************************************************^C",
            "!",
            "line con 0",
            "line aux 0",
            "line vty 0 4",
            " logging synchronous",
            " login local",
            " transport input all",
            "!",
            "no scheduler allocate",
            "!",
            "end"
        ]
    ]
}
ok: [SW1] => {
    "print_output.stdout_lines": [
        [
            "Building configuration...",
            "",
            "Current configuration : 3518 bytes",
            "!",
            "! Last configuration change at 21:12:50 UTC Sat Oct 26 2024",
            "!",
            "version 15.2",
            "service timestamps debug datetime msec",
            "service timestamps log datetime msec",
            "service password-encryption",
            "service compress-config",
            "!",
            "hostname SW1",
            "!",
            "boot-start-marker",
            "boot-end-marker",
            "!",
            "!",
            "enable secret 5 $1$l0a1$F1l58IYTY4DyA2yLCfUEw0",
            "!",
            "username aaron privilege 15 secret 5 $1$FAw7$uX5MsNLfVP2mid88TIQxO/",
            "no aaa new-model",
            "!",
            "!",
            "!",
            "!",
            "!",
            "!",
            "!",
            "!",
            "no ip domain-lookup",
            "ip domain-name cisco.com",
            "ip cef",
            "no ipv6 cef",
            "!",
            "!",
            "file prompt quiet",
            "!",
            "spanning-tree mode pvst",
            "spanning-tree extend system-id",
            "!",
            "vlan internal allocation policy ascending",
            "!",
            "! ",
            "!",
            "!",
            "!",
            "!",
            "!",
            "!",
            "!",
            "!",
            "!",
            "!",
            "!",
            "!",
            "interface Loopback10",
            " description LOOPBACK10!!!",
            " ip address 10.10.10.10 255.255.255.255",
            "!",
            "interface Loopback20",
            " description LOOPBACK20!!!",
            " ip address 20.20.20.20 255.255.255.255",
            "!",
            "interface Loopback30",
            " no ip address",
            "!",
            "interface Loopback60",
            " no ip address",
            "!",
            "interface GigabitEthernet0/0",
            " no switchport",
            " ip address 192.168.254.103 255.255.255.0",
            " negotiation auto",
            "!",
            "interface GigabitEthernet0/1",
            " media-type rj45",
            " negotiation auto",
            "!",
            "interface GigabitEthernet0/2",
            " media-type rj45",
            " negotiation auto",
            "!",
            "interface GigabitEthernet0/3",
            " media-type rj45",
            " negotiation auto",
            "!",
            "interface GigabitEthernet1/0",
            " media-type rj45",
            " negotiation auto",
            "!",
            "interface GigabitEthernet1/1",
            " media-type rj45",
            " negotiation auto",
            "!",
            "interface GigabitEthernet1/2",
            " media-type rj45",
            " negotiation auto",
            "!",
            "interface GigabitEthernet1/3",
            " media-type rj45",
            " negotiation auto",
            "!",
            "ip forward-protocol nd",
            "!",
            "no ip http server",
            "no ip http secure-server",
            "!",
            "ip scp server enable",
            "!",
            "!",
            "!",
            "!",
            "!",
            "control-plane",
            "!",
            "banner exec ^C",
            "**************************************************************************",
            "* IOSv is strictly limited to use for evaluation, demonstration and IOS  *",
            "* education. IOSv is provided as-is and is not supported by Cisco's      *",
            "* Technical Advisory Center. Any use or disclosure, in whole or in part, *",
            "* of the IOSv Software or Documentation to any third party for any       *",
            "* purposes is expressly prohibited except as otherwise authorized by     *",
            "* Cisco in writing.                                                      *",
            "**************************************************************************^C",
            "banner incoming ^C",
            "**************************************************************************",
            "* IOSv is strictly limited to use for evaluation, demonstration and IOS  *",
            "* education. IOSv is provided as-is and is not supported by Cisco's      *",
            "* Technical Advisory Center. Any use or disclosure, in whole or in part, *",
            "* of the IOSv Software or Documentation to any third party for any       *",
            "* purposes is expressly prohibited except as otherwise authorized by     *",
            "* Cisco in writing.                                                      *",
            "**************************************************************************^C",
            "banner login ^C",
            "**************************************************************************",
            "* IOSv is strictly limited to use for evaluation, demonstration and IOS  *",
            "* education. IOSv is provided as-is and is not supported by Cisco's      *",
            "* Technical Advisory Center. Any use or disclosure, in whole or in part, *",
            "* of the IOSv Software or Documentation to any third party for any       *",
            "* purposes is expressly prohibited except as otherwise authorized by     *",
            "* Cisco in writing.                                                      *",
            "**************************************************************************^C",
            "!",
            "line con 0",
            "line aux 0",
            "line vty 0 4",
            " logging synchronous",
            " login local",
            " transport input all",
            "!",
            "!",
            "end"
        ]
    ]
}
ok: [SW2] => {
    "print_output.stdout_lines": [
        [
            "Building configuration...",
            "",
            "Current configuration : 3518 bytes",
            "!",
            "! Last configuration change at 21:13:01 UTC Sat Oct 26 2024",
            "!",
            "version 15.2",
            "service timestamps debug datetime msec",
            "service timestamps log datetime msec",
            "service password-encryption",
            "service compress-config",
            "!",
            "hostname SW2",
            "!",
            "boot-start-marker",
            "boot-end-marker",
            "!",
            "!",
            "enable secret 5 $1$BXL9$ZON3xgm72qHiBwBj1R3UX/",
            "!",
            "username aaron privilege 15 secret 5 $1$524O$12xTz7Et5g5n2NqUc8UZh.",
            "no aaa new-model",
            "!",
            "!",
            "!",
            "!",
            "!",
            "!",
            "!",
            "!",
            "no ip domain-lookup",
            "ip domain-name cisco.com",
            "ip cef",
            "no ipv6 cef",
            "!",
            "!",
            "file prompt quiet",
            "!",
            "spanning-tree mode pvst",
            "spanning-tree extend system-id",
            "!",
            "vlan internal allocation policy ascending",
            "!",
            "! ",
            "!",
            "!",
            "!",
            "!",
            "!",
            "!",
            "!",
            "!",
            "!",
            "!",
            "!",
            "!",
            "interface Loopback10",
            " description LOOPBACK10!!!",
            " ip address 10.10.10.10 255.255.255.255",
            "!",
            "interface Loopback20",
            " description LOOPBACK20!!!",
            " ip address 20.20.20.20 255.255.255.255",
            "!",
            "interface Loopback30",
            " no ip address",
            "!",
            "interface Loopback60",
            " no ip address",
            "!",
            "interface GigabitEthernet0/0",
            " no switchport",
            " ip address 192.168.254.104 255.255.255.0",
            " negotiation auto",
            "!",
            "interface GigabitEthernet0/1",
            " media-type rj45",
            " negotiation auto",
            "!",
            "interface GigabitEthernet0/2",
            " media-type rj45",
            " negotiation auto",
            "!",
            "interface GigabitEthernet0/3",
            " media-type rj45",
            " negotiation auto",
            "!",
            "interface GigabitEthernet1/0",
            " media-type rj45",
            " negotiation auto",
            "!",
            "interface GigabitEthernet1/1",
            " media-type rj45",
            " negotiation auto",
            "!",
            "interface GigabitEthernet1/2",
            " media-type rj45",
            " negotiation auto",
            "!",
            "interface GigabitEthernet1/3",
            " media-type rj45",
            " negotiation auto",
            "!",
            "ip forward-protocol nd",
            "!",
            "no ip http server",
            "no ip http secure-server",
            "!",
            "ip scp server enable",
            "!",
            "!",
            "!",
            "!",
            "!",
            "control-plane",
            "!",
            "banner exec ^C",
            "**************************************************************************",
            "* IOSv is strictly limited to use for evaluation, demonstration and IOS  *",
            "* education. IOSv is provided as-is and is not supported by Cisco's      *",
            "* Technical Advisory Center. Any use or disclosure, in whole or in part, *",
            "* of the IOSv Software or Documentation to any third party for any       *",
            "* purposes is expressly prohibited except as otherwise authorized by     *",
            "* Cisco in writing.                                                      *",
            "**************************************************************************^C",
            "banner incoming ^C",
            "**************************************************************************",
            "* IOSv is strictly limited to use for evaluation, demonstration and IOS  *",
            "* education. IOSv is provided as-is and is not supported by Cisco's      *",
            "* Technical Advisory Center. Any use or disclosure, in whole or in part, *",
            "* of the IOSv Software or Documentation to any third party for any       *",
            "* purposes is expressly prohibited except as otherwise authorized by     *",
            "* Cisco in writing.                                                      *",
            "**************************************************************************^C",
            "banner login ^C",
            "**************************************************************************",
            "* IOSv is strictly limited to use for evaluation, demonstration and IOS  *",
            "* education. IOSv is provided as-is and is not supported by Cisco's      *",
            "* Technical Advisory Center. Any use or disclosure, in whole or in part, *",
            "* of the IOSv Software or Documentation to any third party for any       *",
            "* purposes is expressly prohibited except as otherwise authorized by     *",
            "* Cisco in writing.                                                      *",
            "**************************************************************************^C",
            "!",
            "line con 0",
            "line aux 0",
            "line vty 0 4",
            " logging synchronous",
            " login local",
            " transport input all",
            "!",
            "!",
            "end"
        ]
    ]
}

PLAY RECAP *********************************************************************
R1                         : ok=3    changed=0    unreachable=0    failed=0    skipped=0    rescued=0    ignored=0   
R2                         : ok=3    changed=0    unreachable=0    failed=0    skipped=0    rescued=0    ignored=0   
SW1                        : ok=3    changed=0    unreachable=0    failed=0    skipped=0    rescued=0    ignored=0   
SW2                        : ok=3    changed=0    unreachable=0    failed=0    skipped=0    rescued=0    ignored=0   

